This is pdfTeX, Version 3.141592653-2.6-1.40.22 (TeX Live 2022/dev/Debian) (preloaded format=latex 2025.10.6)  6 OCT 2025 14:32
entering extended mode
 restricted \write18 enabled.
 %&-line parsing enabled.
**makebst
(/usr/share/texlive/texmf-dist/tex/latex/custom-bib/makebst.tex
LaTeX2e <2021-11-15> patch level 1
L3 programming layer <2022-01-21>
\outfile=\write3
\ttyin=\read2
\infile=\read3
\ttyout=\write4
\hours=\count185
\minutes=\count186

***********************************
* This is Make Bibliography Style *
***********************************
It makes up a docstrip batch job to produce
a customized .bst file for running with BibTeX
Do you want a description of the usage? (NO)

\yn=n
! Interruption.
\ask #1#2->\mes {#2}\read \ttyin to #1
                                      \ifx #1\defpar \def #1{}\else \edef #1...
l.214 ...ou want a description of the usage? (NO)}
                                                  
? 

Enter the name of the MASTER file (default=merlin.mbs)

\mfile=
! Emergency stop.
<read 2> 
         
l.231 ...me of the MASTER file}(merlin.mbs)i\mfile
                                                  
End of file on the terminal!

 
Here is how much of TeX's memory you used:
 75 strings out of 480248
 925 string characters out of 5896177
 283955 words of memory out of 5000000
 18118 multiletter control sequences out of 15000+600000
 469259 words of font info for 28 fonts, out of 8000000 for 9000
 14 hyphenation exceptions out of 8191
 13i,0n,12p,83b,10s stack positions out of 5000i,500n,10000p,200000b,80000s
No pages of output.
